Exporter version: 5.6.4, Blender version: 2.79 (sub 0)
========= Conversion from Blender to Babylon.js =========
	Scene settings used :
		export scope        :  ALL
		inline textures     :  false
		Positions Precision :  4
		Normals Precision   :  3
		UVs Precision       :  3
		Vert Color Precision:  3
		Mat Weight Precision:  2
		texture directory   :  /Users/benholland/github.com/stirfry/public/assets/models/pan_scene/
	Python World class constructor completed
	processing begun of mesh:  pan
		processing begun of Standard material:  Material.006
		processing begun of Standard material:  pan bottom
		processing begun of multimaterial:  just_a_pan.Multimaterial#0
		num positions      :  5594
		num normals        :  5594
		num uvs            :  0
		num uvs2           :  0
		num colors         :  0
		num indices        :  32976
	processing begun of camera (UniversalCamera):  Camera
========= Writing of scene file started =========
========= Writing of scene file completed =========
========= end of processing =========
elapsed time:  0 min, 0.4578 secs
