Exporter version: 5.6.4, Blender version: 2.79 (sub 0)
========= Conversion from Blender to Babylon.js =========
	Scene settings used :
		export scope        :  ALL
		inline textures     :  false
		Positions Precision :  4
		Normals Precision   :  3
		UVs Precision       :  3
		Vert Color Precision:  3
		Mat Weight Precision:  2
		texture directory   :  /Users/benholland/github.com/stirfry/public/assets/models/pan_scene/
	Python World class constructor completed
	processing begun of mesh:  Cube
		processing begun of Standard material:  Material.003
		num positions      :  8
		num normals        :  8
		num uvs            :  0
		num uvs2           :  0
		num colors         :  0
		num indices        :  36
	processing begun of mesh:  table.001
		processing begun of Standard material:  Skin Table
		processing begun of Standard material:  skin table darker
		processing begun of multimaterial:  pan_scene.Multimaterial#0
		num positions      :  4
		num normals        :  4
		num uvs            :  0
		num uvs2           :  0
		num colors         :  0
		num indices        :  6
	processing begun of mesh:  backWall
		processing begun of Standard material:  Material
		num positions      :  4
		num normals        :  4
		num uvs            :  0
		num uvs2           :  0
		num colors         :  0
		num indices        :  6
	processing begun of mesh:  table
		registered as also a user of material:  Skin Table
		num positions      :  4
		num normals        :  4
		num uvs            :  0
		num uvs2           :  0
		num colors         :  0
		num indices        :  6
	processing begun of mesh:  pan
		processing begun of Standard material:  Material.006
		processing begun of Standard material:  pan bottom
		processing begun of multimaterial:  pan_scene.Multimaterial#1
		num positions      :  5594
		num normals        :  5594
		num uvs            :  0
		num uvs2           :  0
		num colors         :  0
		num indices        :  32976
	processing begun of camera (UniversalCamera):  Camera
	processing begun of mesh:  Cube.001
		processing begun of Standard material:  Material.004
		num positions      :  8
		num normals        :  8
		num uvs            :  0
		num uvs2           :  0
		num colors         :  0
		num indices        :  36
	processing begun of mesh:  backWall.001
		processing begun of Standard material:  Material.011
		num positions      :  4
		num normals        :  4
		num uvs            :  0
		num uvs2           :  0
		num colors         :  0
		num indices        :  6
	processing begun of mesh:  Cube.002
		processing begun of Standard material:  Material.012
		num positions      :  8
		num normals        :  8
		num uvs            :  0
		num uvs2           :  0
		num colors         :  0
		num indices        :  36
	processing begun of mesh:  Cube.003
		processing begun of Standard material:  Material.013
		num positions      :  8
		num normals        :  8
		num uvs            :  0
		num uvs2           :  0
		num colors         :  0
		num indices        :  36
	processing begun of mesh:  greenPepper
		processing begun of Standard material:  pepper main.003
		processing begun of Standard material:  stem tip.003
		processing begun of Standard material:  Material.019
		processing begun of Standard material:  Material.018
		processing begun of Standard material:  Material.017
		processing begun of multimaterial:  pan_scene.Multimaterial#2
		num positions      :  13058
		num normals        :  13058
		num uvs            :  0
		num uvs2           :  0
		num colors         :  0
		num indices        :  75264
	processing begun of mesh:  pepperShaker
		processing begun of Standard material:  pepper shaker  base.001
		processing begun of Standard material:  shaker cap.003
		processing begun of multimaterial:  pan_scene.Multimaterial#3
		num positions      :  118892
		num normals        :  118892
		num uvs            :  0
		num uvs2           :  0
		num colors         :  0
		num indices        :  710976
	processing begun of mesh:  plate.001
		processing begun of Standard material:  plate light.001
		processing begun of Standard material:  plate darker.001
		processing begun of multimaterial:  pan_scene.Multimaterial#4
		num positions      :  9858
		num normals        :  9858
		num uvs            :  0
		num uvs2           :  0
		num colors         :  0
		num indices        :  58368
	processing begun of mesh:  redPepper
		processing begun of Standard material:  pepper main.002
		processing begun of Standard material:  stem tip.002
		processing begun of Standard material:  Material.016
		processing begun of Standard material:  Material.015
		processing begun of Standard material:  Material.014
		processing begun of multimaterial:  pan_scene.Multimaterial#5
		num positions      :  13058
		num normals        :  13058
		num uvs            :  0
		num uvs2           :  0
		num colors         :  0
		num indices        :  75264
	processing begun of mesh:  saltShaker
		processing begun of Standard material:  salt shaker base.001
		processing begun of Standard material:  shaker cap.002
		processing begun of multimaterial:  pan_scene.Multimaterial#6
		num positions      :  118892
		num normals        :  118892
		num uvs            :  0
		num uvs2           :  0
		num colors         :  0
		num indices        :  710976
	processing begun of mesh:  tofu1
		processing begun of Standard material:  tofuMain.001
		processing begun of Standard material:  tofuShading.001
		processing begun of multimaterial:  pan_scene.Multimaterial#7
		num positions      :  14
		num normals        :  14
		num uvs            :  0
		num uvs2           :  0
		num colors         :  0
		num indices        :  36
	processing begun of mesh:  tofu2
		registered as also a user of material:  tofuMain.001
		registered as also a user of material:  tofuShading.001
		processing begun of multimaterial:  pan_scene.Multimaterial#8
		num positions      :  14
		num normals        :  14
		num uvs            :  0
		num uvs2           :  0
		num colors         :  0
		num indices        :  36
	processing begun of mesh:  tofu3
		registered as also a user of material:  tofuMain.001
		registered as also a user of material:  tofuShading.001
		processing begun of multimaterial:  pan_scene.Multimaterial#9
		num positions      :  14
		num normals        :  14
		num uvs            :  0
		num uvs2           :  0
		num colors         :  0
		num indices        :  36
	processing begun of mesh:  tofu4
		registered as also a user of material:  tofuMain.001
		registered as also a user of material:  tofuShading.001
		processing begun of multimaterial:  pan_scene.Multimaterial#10
		num positions      :  14
		num normals        :  14
		num uvs            :  0
		num uvs2           :  0
		num colors         :  0
		num indices        :  36
========= Writing of scene file started =========
========= Writing of scene file completed =========
========= end of processing =========
elapsed time:  0 min, 28.0553 secs
